// 重构日志: 4ddeca90
// 重构日志: 00a6f1e8
// 重构日志: 1c3da8bb
// 重构日志: 36cabaa7
// 重构日志: 4354f88d
// 重构日志: 6c8037a9
// 重构日志: 02594f18
// 重构日志: 15f04e82
// 重构日志: d668c37f
// 同步 ID: ca2afe98 @ Sat Jul 11 15:25:12 UTC 2026
// 同步 ID: b96af4bb @ Mon Jul 13 22:27:22 UTC 2026
// 同步 ID: 3105681d @ Tue Jul 14 07:22:50 UTC 2026
// 重构日志: d41c1a24
// 同步 ID: bc7dbe27 @ Thu Jul 16 13:34:03 UTC 2026
// 同步 ID: 51554b3c @ Fri Jul 17 07:05:27 UTC 2026
// 重构日志: ee142105
// 重构日志: aa657cb2
// 重构日志: 1fb6f372
// 重构日志: da05d563
// 重构日志: 1ff040e9
// 重构日志: c837ccba
// 同步 ID: b196f9bd @ Thu Jul 23 08:40:09 UTC 2026
// 同步 ID: 3bf045a3 @ Thu Jul 23 13:48:07 UTC 2026
